* using log directory ‘/Users/sofia/Desktop/R_packages/treestructure/treestructure.Rcheck’
* using R version 4.4.1 (2024-06-14)
* using platform: aarch64-apple-darwin20
* R was compiled by
    Apple clang version 14.0.0 (clang-1400.0.29.202)
    GNU Fortran (GCC) 12.2.0
* running under: macOS 15.4.1
* using session charset: UTF-8
* checking for file ‘treestructure/DESCRIPTION’ ... OK
* checking extension type ... Package
* this is package ‘treestructure’ version ‘0.6.0’
* package encoding: UTF-8
* checking package namespace information ... OK
* checking package dependencies ... OK
* checking if this is a source package ... OK
* checking if there is a namespace ... OK
* checking for executable files ... OK
* checking for hidden files and directories ... OK
* checking for portable file names ... OK
* checking for sufficient/correct file permissions ... OK
* checking whether package ‘treestructure’ can be installed ... OK
* used C++ compiler: ‘Apple clang version 17.0.0 (clang-1700.0.13.3)’
* used SDK: ‘MacOSX15.4.sdk’
* checking installed package size ... OK
* checking package directory ... OK
* checking ‘build’ directory ... OK
* checking DESCRIPTION meta-information ... OK
* checking top-level files ... OK
* checking for left-over files ... OK
* checking index information ... OK
* checking package subdirectories ... OK
* checking code files for non-ASCII characters ... OK
* checking R files for syntax errors ... OK
* checking whether the package can be loaded ... OK
* checking whether the package can be loaded with stated dependencies ... OK
* checking whether the package can be unloaded cleanly ... OK
* checking whether the namespace can be loaded with stated dependencies ... OK
* checking whether the namespace can be unloaded cleanly ... OK
* checking dependencies in R code ... OK
* checking S3 generic/method consistency ... OK
* checking replacement functions ... OK
* checking foreign function calls ... OK
* checking R code for possible problems ... NOTE
.ismonomono_cl: no visible binding for global variable ‘tre’
.ispara: no visible binding for global variable ‘ancestors’
.rank.sum: no visible binding for global variable ‘nhs’
.trestruct : .ismonomono: no visible binding for global variable
  ‘ancestors’
.trestruct : .au.overlap: no visible binding for global variable ‘nhs’
.trestruct : .au.overlap: no visible binding for global variable
  ‘descendants’
.trestruct : .au.overlap: no visible binding for global variable
  ‘descInternalHeights’
.trestruct : .overlap: no visible binding for global variable ‘nhs’
.trestruct : .overlap: no visible binding for global variable ‘inodes’
.trestruct: no visible binding for global variable ‘descendants’
.trestruct: no visible binding for global variable ‘n’
.trestruct: no visible binding for global variable ‘nnode’
.trestruct: no visible binding for global variable ‘rootnode’
.trestruct : .calc.z: no visible binding for global variable ‘n’
.trestruct : .calc.z: no visible binding for global variable ‘ndesc’
.trestruct : .calc.z: no visible binding for global variable
  ‘node2edgelength’
.trestruct : .dig.clade: no visible binding for global variable
  ‘descendants’
.trestruct : .init.nodeset: no visible binding for global variable
  ‘descendants’
.trestruct : <anonymous>: no visible binding for global variable
  ‘rootnode’
.trestruct : <anonymous>: no visible binding for global variable
  ‘ndesc’
.trestruct: no visible binding for global variable ‘inodes’
.uv.diss: no visible binding for global variable ‘inodes’
.uv.diss: no visible binding for global variable ‘n’
.uv.diss: no visible binding for global variable ‘nhs’
addtips: no visible global function definition for ‘setNames’
treestructure.test: no visible binding for global variable ‘ancestors’
treestructure.test: no visible global function definition for ‘sd’
treestructure.test: no visible global function definition for
  ‘quantile’
treestructure.test: no visible global function definition for ‘median’
Undefined global functions or variables:
  ancestors descInternalHeights descendants inodes median n ndesc nhs
  nnode node2edgelength quantile rootnode sd setNames tre
Consider adding
  importFrom("stats", "median", "quantile", "sd", "setNames")
to your NAMESPACE file.
* checking Rd files ... OK
* checking Rd metadata ... OK
* checking Rd cross-references ... OK
* checking for missing documentation entries ... OK
* checking for code/documentation mismatches ... OK
* checking Rd \usage sections ... OK
* checking Rd contents ... OK
* checking for unstated dependencies in examples ... OK
* checking line endings in C/C++/Fortran sources/headers ... OK
* checking compiled code ... OK
* checking installed files from ‘inst/doc’ ... OK
* checking files in ‘vignettes’ ... OK
* checking examples ... OK
* checking for unstated dependencies in vignettes ... OK
* checking package vignettes ... OK
* checking re-building of vignette outputs ... OK
* checking PDF version of manual ... OK
* DONE
Status: 1 NOTE
